<?xml version="1.0" encoding="UTF-8"?>
<!-- Generated by org.testng.reporters.JUnitXMLReporter -->
<testsuite ignored="0" hostname="DESKTOP-5OMQL0Q" failures="0" tests="3" name="Default test" time="0.132" errors="0" timestamp="2023-03-17T10:44:17 IST">
  <testcase classname="Testpackage.BaseClass" name="@BeforeTest beforeTest" time="-1.679030057744E9">
    <failure type="org.testng.TestNGException" message="
Parameter &amp;apos;browser&amp;apos; is required by BeforeTest on method beforeTest but has not been marked @Optional or defined
in C:\Users\Netizens\AppData\Local\Temp\testng-eclipse--1210811464\testng-customsuite.xml">
      <![CDATA[org.testng.TestNGException: 
Parameter 'browser' is required by BeforeTest on method beforeTest but has not been marked @Optional or defined
in C:\Users\Netizens\AppData\Local\Temp\testng-eclipse--1210811464\testng-customsuite.xml
at org.testng.internal.Parameters.createParams(Parameters.java:270)
at org.testng.internal.Parameters.createParametersForMethod(Parameters.java:358)
at org.testng.internal.Parameters.createParameters(Parameters.java:700)
at org.testng.internal.Parameters.createConfigurationParameters(Parameters.java:168)
at org.testng.internal.ConfigInvoker.invokeConfigurations(ConfigInvoker.java:302)
at org.testng.TestRunner.invokeTestConfigurations(TestRunner.java:637)
at org.testng.TestRunner.beforeRun(TestRunner.java:627)
at org.testng.TestRunner.run(TestRunner.java:589)
at org.testng.SuiteRunner.runTest(SuiteRunner.java:377)
at org.testng.SuiteRunner.runSequentially(SuiteRunner.java:371)
at org.testng.SuiteRunner.privateRun(SuiteRunner.java:332)
at org.testng.SuiteRunner.run(SuiteRunner.java:276)
at org.testng.SuiteRunnerWorker.runSuite(SuiteRunnerWorker.java:53)
at org.testng.SuiteRunnerWorker.run(SuiteRunnerWorker.java:96)
at org.testng.TestNG.runSuitesSequentially(TestNG.java:1212)
at org.testng.TestNG.runSuitesLocally(TestNG.java:1134)
at org.testng.TestNG.runSuites(TestNG.java:1063)
at org.testng.TestNG.run(TestNG.java:1031)
at org.testng.remote.AbstractRemoteTestNG.run(AbstractRemoteTestNG.java:115)
at org.testng.remote.RemoteTestNG.initAndRun(RemoteTestNG.java:251)
at org.testng.remote.RemoteTestNG.main(RemoteTestNG.java:77)
]]>
    </failure>
  </testcase> <!-- @BeforeTest beforeTest -->
  <testcase classname="Testpackage.LoginTestClass" name="@BeforeClass beforeclass" time="-1.679030057782E9">
    <skipped/>
  </testcase> <!-- @BeforeClass beforeclass -->
  <testcase classname="Testpackage.LoginTestClass" name="@BeforeMethod beforemethod" time="-1.679030057807E9">
    <skipped/>
  </testcase> <!-- @BeforeMethod beforemethod -->
  <testcase classname="Testpackage.LoginTestClass" name="@AfterMethod aftermetod" time="-1.679030057817E9">
    <skipped/>
  </testcase> <!-- @AfterMethod aftermetod -->
  <testcase classname="Testpackage.BaseClass" name="@AfterMethod aftermethod" time="-1.67903005782E9">
    <skipped/>
  </testcase> <!-- @AfterMethod aftermethod -->
  <testcase classname="Testpackage.LoginTestClass" name="@BeforeMethod beforemethod" time="-1.679030057824E9">
    <skipped/>
  </testcase> <!-- @BeforeMethod beforemethod -->
  <testcase classname="Testpackage.LoginTestClass" name="@AfterMethod aftermetod" time="-1.679030057834E9">
    <skipped/>
  </testcase> <!-- @AfterMethod aftermetod -->
  <testcase classname="Testpackage.BaseClass" name="@AfterMethod aftermethod" time="-1.679030057837E9">
    <skipped/>
  </testcase> <!-- @AfterMethod aftermethod -->
  <testcase classname="Testpackage.LoginTestClass" name="@BeforeMethod beforemethod" time="-1.679030057839E9">
    <skipped/>
  </testcase> <!-- @BeforeMethod beforemethod -->
  <testcase classname="Testpackage.LoginTestClass" name="@AfterMethod aftermetod" time="-1.679030057853E9">
    <skipped/>
  </testcase> <!-- @AfterMethod aftermetod -->
  <testcase classname="Testpackage.BaseClass" name="@AfterMethod aftermethod" time="-1.679030057855E9">
    <skipped/>
  </testcase> <!-- @AfterMethod aftermethod -->
  <testcase classname="Testpackage.LoginTestClass" name="@AfterClass afterclass" time="-1.679030057859E9">
    <skipped/>
  </testcase> <!-- @AfterClass afterclass -->
  <testcase classname="Testpackage.BaseClass" name="@AfterTest aftertest" time="-1.679030057865E9">
    <skipped/>
  </testcase> <!-- @AfterTest aftertest -->
  <testcase classname="Testpackage.LoginTestClass" name="Verifyloginpagefunctionalitywithcorrectdata" time="0.0">
    <skipped/>
  </testcase> <!-- Verifyloginpagefunctionalitywithcorrectdata -->
  <testcase classname="Testpackage.LoginTestClass" name="Verifyloginpagefunctionalitywithincorrectdata" time="0.001">
    <skipped/>
  </testcase> <!-- Verifyloginpagefunctionalitywithincorrectdata -->
  <testcase classname="Testpackage.LoginTestClass" name="best3" time="0.0">
    <skipped/>
  </testcase> <!-- best3 -->
</testsuite> <!-- Default test -->
